<?xml version="1.0" ?>
<testsuites failures="0" name="TestXML" tests="1" time="0">
	<testsuite name="BiomeGrid Tests" failures="0"  tests="5" time="0">
		<testcase name="UpdatePlantBiomassEmptyDictionary" time="0"></testcase>
		<testcase name="UpdatePlantBiomassOneElementDictionaryWholeNumbers" time="0"></testcase>
		<testcase name="UpdatePlantBiomassOneElementDictionaryFractions" time="0"></testcase>
		<testcase name="UpdatePlantBiomassMultiElementDictionaryWholeNumbers" time="0"></testcase>
		<testcase name="UpdatePlantBiomassMultiElementDictionaryFractions" time="0"></testcase>
	</testsuite>

</testsuites>